<?xml version="1.0" encoding="UTF-8"?>
<!-- Generated by org.testng.reporters.JUnitReportReporter -->
<testsuite skipped="1" hostname="DESKTOP-NREJREF" name="TestNGLearning.GTest2" tests="2" failures="0" timestamp="2020-08-24T19:46:00 CDT" time="16.670" errors="1">
  <testcase name="launchBrowser" time="16.670" classname="TestNGLearning.GTest2">
    <error type="org.openqa.selenium.SessionNotCreatedException" message="session not created
from chrome not reachable
  (Session info: chrome=84.0.4147.135)
Build info: version: &#039;4.0.0-alpha-4&#039;, revision: &#039;c2d955b49e&#039;
System info: host: &#039;DESKTOP-NREJREF&#039;, ip: &#039;192.168.1.31&#039;, os.name: &#039;Windows 10&#039;, os.arch: &#039;amd64&#039;, os.version: &#039;10.0&#039;, java.version: &#039;1.8.0_241&#039;
Driver info: driver.version: ChromeDriver
remote stacktrace: Backtrace:
	Ordinal0 [0x007A87E3+2852835]
	Ordinal0 [0x00695BB1+1727409]
	Ordinal0 [0x0056E362+516962]
	Ordinal0 [0x00567D82+490882]
	Ordinal0 [0x0056846B+492651]
	Ordinal0 [0x005693C5+496581]
	Ordinal0 [0x00564D64+478564]
	Ordinal0 [0x0056F300+520960]
	Ordinal0 [0x0051E489+189577]
	Ordinal0 [0x0051D7FD+186365]
	Ordinal0 [0x0051B70B+177931]
	Ordinal0 [0x00502584+75140]
	Ordinal0 [0x00503650+79440]
	Ordinal0 [0x005035E9+79337]
	Ordinal0 [0x006AAD5C+1813852]
	GetHandleVerifier [0x008CC616+1075574]
	GetHandleVerifier [0x008CC367+1074887]
	GetHandleVerifier [0x008D7497+1120247]
	GetHandleVerifier [0x008CCC16+1077110]
	Ordinal0 [0x006A3206+1782278]
	Ordinal0 [0x006AC3BB+1819579]
	Ordinal0 [0x006AC523+1819939]
	Ordinal0 [0x006C2B45+1911621]
	BaseThreadInitThunk [0x74E46359+25]
	RtlGetAppContainerNamedObjectPath [0x77107C24+228]
	RtlGetAppContainerNamedObjectPath [0x77107BF4+180]
">
      <![CDATA[org.openqa.selenium.SessionNotCreatedException: session not created
from chrome not reachable
  (Session info: chrome=84.0.4147.135)
Build info: version: '4.0.0-alpha-4', revision: 'c2d955b49e'
System info: host: 'DESKTOP-NREJREF', ip: '192.168.1.31', os.name: 'Windows 10', os.arch: 'amd64', os.version: '10.0', java.version: '1.8.0_241'
Driver info: driver.version: ChromeDriver
remote stacktrace: Backtrace:
Ordinal0 [0x007A87E3+2852835]
Ordinal0 [0x00695BB1+1727409]
Ordinal0 [0x0056E362+516962]
Ordinal0 [0x00567D82+490882]
Ordinal0 [0x0056846B+492651]
Ordinal0 [0x005693C5+496581]
Ordinal0 [0x00564D64+478564]
Ordinal0 [0x0056F300+520960]
Ordinal0 [0x0051E489+189577]
Ordinal0 [0x0051D7FD+186365]
Ordinal0 [0x0051B70B+177931]
Ordinal0 [0x00502584+75140]
Ordinal0 [0x00503650+79440]
Ordinal0 [0x005035E9+79337]
Ordinal0 [0x006AAD5C+1813852]
GetHandleVerifier [0x008CC616+1075574]
GetHandleVerifier [0x008CC367+1074887]
GetHandleVerifier [0x008D7497+1120247]
GetHandleVerifier [0x008CCC16+1077110]
Ordinal0 [0x006A3206+1782278]
Ordinal0 [0x006AC3BB+1819579]
Ordinal0 [0x006AC523+1819939]
Ordinal0 [0x006C2B45+1911621]
BaseThreadInitThunk [0x74E46359+25]
RtlGetAppContainerNamedObjectPath [0x77107C24+228]
RtlGetAppContainerNamedObjectPath [0x77107BF4+180]

at sun.reflect.NativeConstructorAccessorImpl.newInstance0(Native Method)
at sun.reflect.NativeConstructorAccessorImpl.newInstance(Unknown Source)
at sun.reflect.DelegatingConstructorAccessorImpl.newInstance(Unknown Source)
at java.lang.reflect.Constructor.newInstance(Unknown Source)
at org.openqa.selenium.remote.W3CHandshakeResponse.lambda$errorHandler$0(W3CHandshakeResponse.java:62)
at org.openqa.selenium.remote.HandshakeResponse.lambda$getResponseFunction$0(HandshakeResponse.java:30)
at org.openqa.selenium.remote.ProtocolHandshake.lambda$createSession$1(ProtocolHandshake.java:126)
at java.util.stream.ReferencePipeline$3$1.accept(Unknown Source)
at java.util.Spliterators$ArraySpliterator.tryAdvance(Unknown Source)
at java.util.stream.ReferencePipeline.forEachWithCancel(Unknown Source)
at java.util.stream.AbstractPipeline.copyIntoWithCancel(Unknown Source)
at java.util.stream.AbstractPipeline.copyInto(Unknown Source)
at java.util.stream.AbstractPipeline.wrapAndCopyInto(Unknown Source)
at java.util.stream.FindOps$FindOp.evaluateSequential(Unknown Source)
at java.util.stream.AbstractPipeline.evaluate(Unknown Source)
at java.util.stream.ReferencePipeline.findFirst(Unknown Source)
at org.openqa.selenium.remote.ProtocolHandshake.createSession(ProtocolHandshake.java:128)
at org.openqa.selenium.remote.ProtocolHandshake.createSession(ProtocolHandshake.java:75)
at org.openqa.selenium.remote.HttpCommandExecutor.execute(HttpCommandExecutor.java:139)
at org.openqa.selenium.remote.service.DriverCommandExecutor.execute(DriverCommandExecutor.java:83)
at org.openqa.selenium.remote.RemoteWebDriver.execute(RemoteWebDriver.java:582)
at org.openqa.selenium.remote.RemoteWebDriver.startSession(RemoteWebDriver.java:216)
at org.openqa.selenium.remote.RemoteWebDriver.<init>(RemoteWebDriver.java:136)
at org.openqa.selenium.chromium.ChromiumDriver.<init>(ChromiumDriver.java:75)
at org.openqa.selenium.chrome.ChromeDriver.<init>(ChromeDriver.java:163)
at org.openqa.selenium.chrome.ChromeDriver.<init>(ChromeDriver.java:150)
at org.openqa.selenium.chrome.ChromeDriver.<init>(ChromeDriver.java:105)
at TestNGLearning.GTest2.launchBrowser(GTest2.java:25)
at sun.reflect.NativeMethodAccessorImpl.invoke0(Native Method)
at sun.reflect.NativeMethodAccessorImpl.invoke(Unknown Source)
at sun.reflect.DelegatingMethodAccessorImpl.invoke(Unknown Source)
at java.lang.reflect.Method.invoke(Unknown Source)
at org.testng.internal.MethodInvocationHelper.invokeMethod(MethodInvocationHelper.java:134)
at org.testng.internal.MethodInvocationHelper.invokeMethodConsideringTimeout(MethodInvocationHelper.java:63)
at org.testng.internal.ConfigInvoker.invokeConfigurationMethod(ConfigInvoker.java:348)
at org.testng.internal.ConfigInvoker.invokeConfigurations(ConfigInvoker.java:302)
at org.testng.internal.TestMethodWorker.invokeBeforeClassMethods(TestMethodWorker.java:176)
at org.testng.internal.TestMethodWorker.run(TestMethodWorker.java:122)
at java.util.ArrayList.forEach(Unknown Source)
at org.testng.TestRunner.privateRun(TestRunner.java:766)
at org.testng.TestRunner.run(TestRunner.java:587)
at org.testng.SuiteRunner.runTest(SuiteRunner.java:384)
at org.testng.SuiteRunner.runSequentially(SuiteRunner.java:378)
at org.testng.SuiteRunner.privateRun(SuiteRunner.java:337)
at org.testng.SuiteRunner.run(SuiteRunner.java:286)
at org.testng.SuiteRunnerWorker.runSuite(SuiteRunnerWorker.java:53)
at org.testng.SuiteRunnerWorker.run(SuiteRunnerWorker.java:96)
at org.testng.TestNG.runSuitesSequentially(TestNG.java:1187)
at org.testng.TestNG.runSuitesLocally(TestNG.java:1109)
at org.testng.TestNG.runSuites(TestNG.java:1039)
at org.testng.TestNG.run(TestNG.java:1007)
at org.testng.remote.AbstractRemoteTestNG.run(AbstractRemoteTestNG.java:115)
at org.testng.remote.RemoteTestNG.initAndRun(RemoteTestNG.java:251)
at org.testng.remote.RemoteTestNG.main(RemoteTestNG.java:77)
]]>
    </error>
  </testcase> <!-- launchBrowser -->
  <system-out/>
  <testcase name="login" time="0.000" classname="TestNGLearning.GTest2">
    <skipped/>
  </testcase> <!-- login -->
  <system-out/>
</testsuite> <!-- TestNGLearning.GTest2 -->
